<?xml version="1.0" encoding="UTF-8"?>
<!-- Generated by org.testng.reporters.JUnitReportReporter -->
<testsuite hostname="DESKTOP-8D6GBA0" failures="0" tests="1" name="testCases.correctTestCase" time="98.684" errors="0" timestamp="2021-07-01T17:21:32 IST" skipped="0">
  <testcase classname="testCases.correctTestCase" name="submitForm" time="98.684"/>
  <system-out/>
</testsuite> <!-- testCases.correctTestCase -->
