<?xml version="1.0" encoding="UTF-8"?>
<!-- Generated by org.testng.reporters.JUnitReportReporter -->
<testsuite hostname="DESKTOP-8D6GBA0" failures="0" tests="2" name="testCases.correctTestCase" time="55.218" errors="0" timestamp="2021-07-01T15:45:56 IST" skipped="0">
  <testcase classname="testCases.correctTestCase" name="flushReport" time="0.394"/>
  <system-out/>
  <testcase classname="testCases.correctTestCase" name="submitForm" time="54.824"/>
  <system-out/>
</testsuite> <!-- testCases.correctTestCase -->
