<?xml version="1.0" encoding="UTF-8"?>
<!-- Generated by org.testng.reporters.JUnitReportReporter -->
<testsuite hostname="DESKTOP-8D6GBA0" failures="0" tests="1" name="testCases.correctTestCase" time="102.024" errors="0" timestamp="2021-07-02T00:26:18 IST" skipped="0">
  <testcase classname="testCases.correctTestCase" name="submitForm" time="102.024"/>
  <system-out/>
</testsuite> <!-- testCases.correctTestCase -->
