<?xml version="1.0" encoding="UTF-8"?>
<!-- Generated by org.testng.reporters.JUnitReportReporter -->
<testsuite hostname="DESKTOP-8D6GBA0" failures="0" tests="1" name="testCases.phoneWrongTestCase" time="97.173" errors="0" timestamp="2021-07-01T17:57:51 IST" skipped="0">
  <testcase classname="testCases.phoneWrongTestCase" name="submitForm" time="97.173"/>
  <system-out/>
</testsuite> <!-- testCases.phoneWrongTestCase -->
