<?xml version="1.0" encoding="UTF-8"?>
<!-- Generated by org.testng.reporters.JUnitReportReporter -->
<testsuite hostname="DESKTOP-8D6GBA0" failures="0" tests="1" name="testCases.correctTestCase" time="76.775" errors="0" timestamp="2021-06-30T17:31:40 IST" skipped="0">
  <testcase classname="testCases.correctTestCase" name="submitForm" time="76.775"/>
  <system-out/>
</testsuite> <!-- testCases.correctTestCase -->
